<?xml version="1.0" encoding="UTF-8"?>
<!-- Generated by org.testng.reporters.JUnitReportReporter -->
<testsuite skipped="0" hostname="Chukur" name="test.HomePageTest" tests="5" failures="0" timestamp="31 Jan 2023 20:46:50 GMT" time="41.753" errors="0">
  <testcase name="validateMainMenuItems" time="8.075" classname="test.HomePageTest"/>
  <testcase name="validateNavigationItems" time="6.245" classname="test.HomePageTest"/>
  <testcase name="validateRadioButtons" time="6.971" classname="test.HomePageTest"/>
  <testcase name="validateCheckboxes" time="8.111" classname="test.HomePageTest"/>
  <testcase name="validateOneWayTicketResults" time="12.351" classname="test.HomePageTest"/>
</testsuite> <!-- test.HomePageTest -->
